{"C:\\Personal data\\Learning_WEB\\GitHub\\RS\\module-3\\src\\App.tsx": {"path":"C:\\Personal data\\Learning_WEB\\GitHub\\RS\\module-3\\src\\App.tsx","statementMap":{"0":{"start":{"line":2,"column":0},"end":{"line":2,"column":49}},"1":{"start":{"line":3,"column":0},"end":{"line":3,"column":69}},"2":{"start":{"line":6,"column":2},"end":{"line":12,"column":4}},"3":{"start":{"line":15,"column":0},"end":{"line":15,"column":19}}},"fnMap":{"0":{"name":"App","decl":{"start":{"line":5,"column":9},"end":{"line":5,"column":12}},"loc":{"start":{"line":5,"column":12},"end":{"line":13,"column":1}}}},"branchMap":{},"s":{"0":1,"1":1,"2":2,"3":1},"f":{"0":2},"b":{}}
,"C:\\Personal data\\Learning_WEB\\GitHub\\RS\\module-3\\src\\components\\Button\\Button.tsx": {"path":"C:\\Personal data\\Learning_WEB\\GitHub\\RS\\module-3\\src\\components\\Button\\Button.tsx","statementMap":{"0":{"start":{"line":1,"column":0},"end":{"line":1,"column":41}},"1":{"start":{"line":5,"column":56},"end":{"line":5,"column":61}},"2":{"start":{"line":6,"column":2},"end":{"line":15,"column":4}},"3":{"start":{"line":4,"column":0},"end":{"line":4,"column":24}}},"fnMap":{"0":{"name":"Button","decl":{"start":{"line":4,"column":24},"end":{"line":4,"column":30}},"loc":{"start":{"line":4,"column":43},"end":{"line":16,"column":1}}}},"branchMap":{"0":{"loc":{"start":{"line":9,"column":8},"end":{"line":9,"column":79}},"type":"cond-expr","locations":[{"start":{"line":9,"column":26},"end":{"line":9,"column":63}},{"start":{"line":9,"column":66},"end":{"line":9,"column":79}}]}},"s":{"0":5,"1":20,"2":20,"3":5},"f":{"0":20},"b":{"0":[1,19]}}
,"C:\\Personal data\\Learning_WEB\\GitHub\\RS\\module-3\\src\\components\\Card\\Card.tsx": {"path":"C:\\Personal data\\Learning_WEB\\GitHub\\RS\\module-3\\src\\components\\Card\\Card.tsx","statementMap":{"0":{"start":{"line":1,"column":0},"end":{"line":1,"column":39}},"1":{"start":{"line":3,"column":0},"end":{"line":3,"column":53}},"2":{"start":{"line":4,"column":0},"end":{"line":4,"column":71}},"3":{"start":{"line":7,"column":20},"end":{"line":7,"column":25}},"4":{"start":{"line":9,"column":13},"end":{"line":9,"column":36}},"5":{"start":{"line":10,"column":19},"end":{"line":10,"column":32}},"6":{"start":{"line":11,"column":20},"end":{"line":11,"column":59}},"7":{"start":{"line":12,"column":23},"end":{"line":12,"column":59}},"8":{"start":{"line":14,"column":26},"end":{"line":14,"column":28}},"9":{"start":{"line":15,"column":2},"end":{"line":21,"column":null}},"10":{"start":{"line":16,"column":4},"end":{"line":16,"column":48}},"11":{"start":{"line":17,"column":9},"end":{"line":21,"column":null}},"12":{"start":{"line":18,"column":4},"end":{"line":18,"column":53}},"13":{"start":{"line":20,"column":4},"end":{"line":20,"column":52}},"14":{"start":{"line":27,"column":2},"end":{"line":35,"column":4}},"15":{"start":{"line":6,"column":0},"end":{"line":6,"column":24}}},"fnMap":{"0":{"name":"Card","decl":{"start":{"line":6,"column":24},"end":{"line":6,"column":28}},"loc":{"start":{"line":6,"column":41},"end":{"line":36,"column":1}}}},"branchMap":{"0":{"loc":{"start":{"line":15,"column":2},"end":{"line":21,"column":null}},"type":"if","locations":[{"start":{"line":15,"column":2},"end":{"line":21,"column":null}},{"start":{"line":17,"column":9},"end":{"line":21,"column":null}}]},"1":{"loc":{"start":{"line":17,"column":9},"end":{"line":21,"column":null}},"type":"if","locations":[{"start":{"line":17,"column":9},"end":{"line":21,"column":null}},{"start":{"line":19,"column":9},"end":{"line":21,"column":null}}]}},"s":{"0":4,"1":4,"2":4,"3":8,"4":8,"5":8,"6":8,"7":8,"8":8,"9":8,"10":1,"11":7,"12":1,"13":6,"14":8,"15":4},"f":{"0":8},"b":{"0":[1,7],"1":[1,6]}}
,"C:\\Personal data\\Learning_WEB\\GitHub\\RS\\module-3\\src\\components\\CardDetails\\CardDetails.tsx": {"path":"C:\\Personal data\\Learning_WEB\\GitHub\\RS\\module-3\\src\\components\\CardDetails\\CardDetails.tsx","statementMap":{"0":{"start":{"line":1,"column":0},"end":{"line":1,"column":44}},"1":{"start":{"line":2,"column":0},"end":{"line":2,"column":51}},"2":{"start":{"line":3,"column":0},"end":{"line":3,"column":77}},"3":{"start":{"line":5,"column":0},"end":{"line":5,"column":46}},"4":{"start":{"line":6,"column":0},"end":{"line":6,"column":38}},"5":{"start":{"line":7,"column":0},"end":{"line":7,"column":62}},"6":{"start":{"line":10,"column":17},"end":{"line":10,"column":28}},"7":{"start":{"line":11,"column":44},"end":{"line":11,"column":73}},"8":{"start":{"line":12,"column":32},"end":{"line":12,"column":56}},"9":{"start":{"line":13,"column":2},"end":{"line":23,"column":11}},"10":{"start":{"line":14,"column":4},"end":{"line":22,"column":null}},"11":{"start":{"line":15,"column":6},"end":{"line":15,"column":23}},"12":{"start":{"line":16,"column":6},"end":{"line":21,"column":42}},"13":{"start":{"line":18,"column":10},"end":{"line":18,"column":35}},"14":{"start":{"line":20,"column":26},"end":{"line":20,"column":52}},"15":{"start":{"line":21,"column":23},"end":{"line":21,"column":40}},"16":{"start":{"line":24,"column":2},"end":{"line":71,"column":4}},"17":{"start":{"line":9,"column":0},"end":{"line":9,"column":24}}},"fnMap":{"0":{"name":"CardDetails","decl":{"start":{"line":9,"column":24},"end":{"line":9,"column":35}},"loc":{"start":{"line":9,"column":35},"end":{"line":72,"column":1}}},"1":{"name":"(anonymous_2)","decl":{"start":{"line":13,"column":12},"end":{"line":13,"column":15}},"loc":{"start":{"line":13,"column":17},"end":{"line":23,"column":3}}},"2":{"name":"(anonymous_3)","decl":{"start":{"line":17,"column":14},"end":{"line":17,"column":15}},"loc":{"start":{"line":17,"column":25},"end":{"line":19,"column":9}}},"3":{"name":"(anonymous_4)","decl":{"start":{"line":20,"column":15},"end":{"line":20,"column":16}},"loc":{"start":{"line":20,"column":26},"end":{"line":20,"column":52}}},"4":{"name":"(anonymous_5)","decl":{"start":{"line":21,"column":17},"end":{"line":21,"column":20}},"loc":{"start":{"line":21,"column":23},"end":{"line":21,"column":40}}}},"branchMap":{"0":{"loc":{"start":{"line":14,"column":4},"end":{"line":22,"column":null}},"type":"if","locations":[{"start":{"line":14,"column":4},"end":{"line":22,"column":null}}]},"1":{"loc":{"start":{"line":24,"column":9},"end":{"line":70,"column":null}},"type":"cond-expr","locations":[{"start":{"line":25,"column":4},"end":{"line":25,"column":22}},{"start":{"line":27,"column":4},"end":{"line":69,"column":null}}]},"2":{"loc":{"start":{"line":27,"column":4},"end":{"line":69,"column":null}},"type":"binary-expr","locations":[{"start":{"line":27,"column":4},"end":{"line":27,"column":17}},{"start":{"line":28,"column":6},"end":{"line":68,"column":null}}]}},"s":{"0":2,"1":2,"2":2,"3":2,"4":2,"5":2,"6":1,"7":1,"8":1,"9":1,"10":1,"11":0,"12":0,"13":0,"14":0,"15":0,"16":1,"17":2},"f":{"0":1,"1":1,"2":0,"3":0,"4":0},"b":{"0":[0],"1":[0,1],"2":[1,0]}}
,"C:\\Personal data\\Learning_WEB\\GitHub\\RS\\module-3\\src\\components\\CardList\\CardList.tsx": {"path":"C:\\Personal data\\Learning_WEB\\GitHub\\RS\\module-3\\src\\components\\CardList\\CardList.tsx","statementMap":{"0":{"start":{"line":1,"column":0},"end":{"line":1,"column":43}},"1":{"start":{"line":2,"column":0},"end":{"line":2,"column":32}},"2":{"start":{"line":6,"column":27},"end":{"line":6,"column":32}},"3":{"start":{"line":7,"column":2},"end":{"line":18,"column":null}},"4":{"start":{"line":8,"column":4},"end":{"line":8,"column":56}},"5":{"start":{"line":10,"column":4},"end":{"line":17,"column":6}},"6":{"start":{"line":14,"column":12},"end":{"line":14,"column":30}},"7":{"start":{"line":5,"column":0},"end":{"line":5,"column":24}}},"fnMap":{"0":{"name":"CardList","decl":{"start":{"line":5,"column":24},"end":{"line":5,"column":32}},"loc":{"start":{"line":5,"column":45},"end":{"line":19,"column":1}}},"1":{"name":"(anonymous_2)","decl":{"start":{"line":13,"column":35},"end":{"line":13,"column":36}},"loc":{"start":{"line":14,"column":12},"end":{"line":14,"column":30}}}},"branchMap":{"0":{"loc":{"start":{"line":7,"column":2},"end":{"line":18,"column":null}},"type":"if","locations":[{"start":{"line":7,"column":2},"end":{"line":18,"column":null}},{"start":{"line":9,"column":9},"end":{"line":18,"column":null}}]},"1":{"loc":{"start":{"line":12,"column":9},"end":{"line":15,"column":12}},"type":"binary-expr","locations":[{"start":{"line":12,"column":9},"end":{"line":12,"column":29}},{"start":{"line":13,"column":10},"end":{"line":15,"column":12}}]}},"s":{"0":3,"1":3,"2":4,"3":4,"4":2,"5":2,"6":4,"7":3},"f":{"0":4,"1":4},"b":{"0":[2,2],"1":[2,2]}}
,"C:\\Personal data\\Learning_WEB\\GitHub\\RS\\module-3\\src\\components\\Dropdown\\Dropdown.tsx": {"path":"C:\\Personal data\\Learning_WEB\\GitHub\\RS\\module-3\\src\\components\\Dropdown\\Dropdown.tsx","statementMap":{"0":{"start":{"line":1,"column":0},"end":{"line":1,"column":43}},"1":{"start":{"line":5,"column":2},"end":{"line":25,"column":4}},"2":{"start":{"line":14,"column":12},"end":{"line":14,"column":58}},"3":{"start":{"line":18,"column":12},"end":{"line":18,"column":63}},"4":{"start":{"line":4,"column":0},"end":{"line":4,"column":24}}},"fnMap":{"0":{"name":"Dropdown","decl":{"start":{"line":4,"column":24},"end":{"line":4,"column":32}},"loc":{"start":{"line":4,"column":45},"end":{"line":26,"column":1}}},"1":{"name":"(anonymous_2)","decl":{"start":{"line":13,"column":20},"end":{"line":13,"column":21}},"loc":{"start":{"line":13,"column":30},"end":{"line":15,"column":11}}},"2":{"name":"(anonymous_3)","decl":{"start":{"line":17,"column":27},"end":{"line":17,"column":28}},"loc":{"start":{"line":18,"column":12},"end":{"line":18,"column":63}}}},"branchMap":{},"s":{"0":3,"1":10,"2":1,"3":20,"4":3},"f":{"0":10,"1":1,"2":20},"b":{}}
,"C:\\Personal data\\Learning_WEB\\GitHub\\RS\\module-3\\src\\components\\ErrorBoundary\\ErrorBoundary.tsx": {"path":"C:\\Personal data\\Learning_WEB\\GitHub\\RS\\module-3\\src\\components\\ErrorBoundary\\ErrorBoundary.tsx","statementMap":{"0":{"start":{"line":1,"column":0},"end":{"line":1,"column":41}},"1":{"start":{"line":2,"column":0},"end":{"line":2,"column":48}},"2":{"start":{"line":6,"column":4},"end":{"line":6,"column":17}},"3":{"start":{"line":7,"column":4},"end":{"line":9,"column":6}},"4":{"start":{"line":12,"column":4},"end":{"line":12,"column":30}},"5":{"start":{"line":15,"column":4},"end":{"line":15,"column":71}},"6":{"start":{"line":18,"column":4},"end":{"line":20,"column":null}},"7":{"start":{"line":19,"column":6},"end":{"line":19,"column":69}},"8":{"start":{"line":21,"column":4},"end":{"line":21,"column":31}},"9":{"start":{"line":4,"column":0},"end":{"line":4,"column":21}}},"fnMap":{"0":{"name":"(anonymous_1)","decl":{"start":{"line":5,"column":2},"end":{"line":5,"column":14}},"loc":{"start":{"line":5,"column":26},"end":{"line":10,"column":3}}},"1":{"name":"(anonymous_2)","decl":{"start":{"line":11,"column":2},"end":{"line":11,"column":8}},"loc":{"start":{"line":11,"column":33},"end":{"line":13,"column":3}}},"2":{"name":"(anonymous_3)","decl":{"start":{"line":14,"column":2},"end":{"line":14,"column":19}},"loc":{"start":{"line":14,"column":54},"end":{"line":16,"column":3}}},"3":{"name":"(anonymous_4)","decl":{"start":{"line":17,"column":2},"end":{"line":17,"column":8}},"loc":{"start":{"line":17,"column":8},"end":{"line":22,"column":3}}}},"branchMap":{"0":{"loc":{"start":{"line":18,"column":4},"end":{"line":20,"column":null}},"type":"if","locations":[{"start":{"line":18,"column":4},"end":{"line":20,"column":null}}]}},"s":{"0":1,"1":1,"2":2,"3":1,"4":0,"5":0,"6":1,"7":0,"8":1,"9":1},"f":{"0":2,"1":0,"2":0,"3":1},"b":{"0":[0]}}
,"C:\\Personal data\\Learning_WEB\\GitHub\\RS\\module-3\\src\\components\\ErrorButton\\ErrorButton.tsx": {"path":"C:\\Personal data\\Learning_WEB\\GitHub\\RS\\module-3\\src\\components\\ErrorButton\\ErrorButton.tsx","statementMap":{"0":{"start":{"line":1,"column":0},"end":{"line":1,"column":33}},"1":{"start":{"line":2,"column":0},"end":{"line":2,"column":38}},"2":{"start":{"line":3,"column":0},"end":{"line":3,"column":46}},"3":{"start":{"line":6,"column":34},"end":{"line":6,"column":49}},"4":{"start":{"line":7,"column":21},"end":{"line":9,"column":3}},"5":{"start":{"line":8,"column":4},"end":{"line":8,"column":22}},"6":{"start":{"line":10,"column":2},"end":{"line":12,"column":null}},"7":{"start":{"line":11,"column":4},"end":{"line":11,"column":44}},"8":{"start":{"line":13,"column":2},"end":{"line":17,"column":4}},"9":{"start":{"line":5,"column":0},"end":{"line":5,"column":24}}},"fnMap":{"0":{"name":"ErrorButton","decl":{"start":{"line":5,"column":24},"end":{"line":5,"column":35}},"loc":{"start":{"line":5,"column":35},"end":{"line":18,"column":1}}},"1":{"name":"(anonymous_2)","decl":{"start":{"line":7,"column":21},"end":{"line":7,"column":24}},"loc":{"start":{"line":7,"column":26},"end":{"line":9,"column":3}}}},"branchMap":{"0":{"loc":{"start":{"line":10,"column":2},"end":{"line":12,"column":null}},"type":"if","locations":[{"start":{"line":10,"column":2},"end":{"line":12,"column":null}}]}},"s":{"0":3,"1":3,"2":3,"3":15,"4":15,"5":0,"6":15,"7":5,"8":10,"9":3},"f":{"0":15,"1":0},"b":{"0":[5]}}
,"C:\\Personal data\\Learning_WEB\\GitHub\\RS\\module-3\\src\\components\\ErrorMatchPage\\ErrorMatchPage.tsx": {"path":"C:\\Personal data\\Learning_WEB\\GitHub\\RS\\module-3\\src\\components\\ErrorMatchPage\\ErrorMatchPage.tsx","statementMap":{"0":{"start":{"line":2,"column":2},"end":{"line":7,"column":4}},"1":{"start":{"line":1,"column":0},"end":{"line":1,"column":24}}},"fnMap":{"0":{"name":"ErrorMatchPage","decl":{"start":{"line":1,"column":24},"end":{"line":1,"column":38}},"loc":{"start":{"line":1,"column":38},"end":{"line":8,"column":1}}}},"branchMap":{},"s":{"0":0,"1":4},"f":{"0":0},"b":{}}
,"C:\\Personal data\\Learning_WEB\\GitHub\\RS\\module-3\\src\\components\\ListPreviousRequests\\ListPreviousRequests.tsx": {"path":"C:\\Personal data\\Learning_WEB\\GitHub\\RS\\module-3\\src\\components\\ListPreviousRequests\\ListPreviousRequests.tsx","statementMap":{"0":{"start":{"line":1,"column":0},"end":{"line":1,"column":55}},"1":{"start":{"line":5,"column":47},"end":{"line":5,"column":52}},"2":{"start":{"line":6,"column":2},"end":{"line":8,"column":null}},"3":{"start":{"line":7,"column":4},"end":{"line":7,"column":16}},"4":{"start":{"line":9,"column":2},"end":{"line":18,"column":4}},"5":{"start":{"line":13,"column":10},"end":{"line":13,"column":25}},"6":{"start":{"line":13,"column":50},"end":{"line":13,"column":70}},"7":{"start":{"line":4,"column":0},"end":{"line":4,"column":24}}},"fnMap":{"0":{"name":"ListPreviousRequests","decl":{"start":{"line":4,"column":24},"end":{"line":4,"column":44}},"loc":{"start":{"line":4,"column":57},"end":{"line":19,"column":1}}},"1":{"name":"(anonymous_2)","decl":{"start":{"line":12,"column":29},"end":{"line":12,"column":30}},"loc":{"start":{"line":13,"column":10},"end":{"line":13,"column":25}}},"2":{"name":"(anonymous_3)","decl":{"start":{"line":13,"column":44},"end":{"line":13,"column":47}},"loc":{"start":{"line":13,"column":50},"end":{"line":13,"column":70}}}},"branchMap":{"0":{"loc":{"start":{"line":6,"column":2},"end":{"line":8,"column":null}},"type":"if","locations":[{"start":{"line":6,"column":2},"end":{"line":8,"column":null}}]},"1":{"loc":{"start":{"line":6,"column":6},"end":{"line":6,"column":56}},"type":"binary-expr","locations":[{"start":{"line":6,"column":6},"end":{"line":6,"column":23}},{"start":{"line":6,"column":27},"end":{"line":6,"column":56}}]},"2":{"loc":{"start":{"line":11,"column":7},"end":{"line":16,"column":10}},"type":"binary-expr","locations":[{"start":{"line":11,"column":7},"end":{"line":11,"column":36}},{"start":{"line":12,"column":8},"end":{"line":16,"column":10}}]}},"s":{"0":3,"1":10,"2":10,"3":9,"4":1,"5":3,"6":0,"7":3},"f":{"0":10,"1":3,"2":0},"b":{"0":[9],"1":[10,9],"2":[1,1]}}
,"C:\\Personal data\\Learning_WEB\\GitHub\\RS\\module-3\\src\\components\\LoadingSpinner\\LoadingSpinner.tsx": {"path":"C:\\Personal data\\Learning_WEB\\GitHub\\RS\\module-3\\src\\components\\LoadingSpinner\\LoadingSpinner.tsx","statementMap":{"0":{"start":{"line":1,"column":0},"end":{"line":1,"column":49}},"1":{"start":{"line":4,"column":2},"end":{"line":8,"column":4}},"2":{"start":{"line":3,"column":0},"end":{"line":3,"column":24}}},"fnMap":{"0":{"name":"LoadingSpinner","decl":{"start":{"line":3,"column":24},"end":{"line":3,"column":38}},"loc":{"start":{"line":3,"column":38},"end":{"line":9,"column":1}}}},"branchMap":{},"s":{"0":4,"1":3,"2":4},"f":{"0":3},"b":{}}
,"C:\\Personal data\\Learning_WEB\\GitHub\\RS\\module-3\\src\\components\\Paginator\\Paginator.tsx": {"path":"C:\\Personal data\\Learning_WEB\\GitHub\\RS\\module-3\\src\\components\\Paginator\\Paginator.tsx","statementMap":{"0":{"start":{"line":1,"column":0},"end":{"line":1,"column":44}},"1":{"start":{"line":2,"column":0},"end":{"line":2,"column":44}},"2":{"start":{"line":3,"column":0},"end":{"line":3,"column":53}},"3":{"start":{"line":7,"column":38},"end":{"line":7,"column":43}},"4":{"start":{"line":8,"column":38},"end":{"line":8,"column":60}},"5":{"start":{"line":9,"column":19},"end":{"line":9,"column":32}},"6":{"start":{"line":11,"column":2},"end":{"line":17,"column":19}},"7":{"start":{"line":12,"column":28},"end":{"line":12,"column":30}},"8":{"start":{"line":13,"column":4},"end":{"line":15,"column":null}},"9":{"start":{"line":13,"column":25},"end":{"line":13,"column":26}},"10":{"start":{"line":14,"column":6},"end":{"line":14,"column":20}},"11":{"start":{"line":16,"column":4},"end":{"line":16,"column":25}},"12":{"start":{"line":19,"column":27},"end":{"line":19,"column":63}},"13":{"start":{"line":20,"column":19},"end":{"line":22,"column":8}},"14":{"start":{"line":24,"column":2},"end":{"line":42,"column":4}},"15":{"start":{"line":27,"column":29},"end":{"line":27,"column":55}},"16":{"start":{"line":28,"column":24},"end":{"line":28,"column":53}},"17":{"start":{"line":30,"column":10},"end":{"line":30,"column":61}},"18":{"start":{"line":31,"column":8},"end":{"line":39,"column":null}},"19":{"start":{"line":32,"column":10},"end":{"line":36,"column":12}},"20":{"start":{"line":38,"column":10},"end":{"line":38,"column":17}},"21":{"start":{"line":6,"column":0},"end":{"line":6,"column":24}}},"fnMap":{"0":{"name":"Paginator","decl":{"start":{"line":6,"column":24},"end":{"line":6,"column":33}},"loc":{"start":{"line":6,"column":46},"end":{"line":43,"column":1}}},"1":{"name":"(anonymous_2)","decl":{"start":{"line":11,"column":12},"end":{"line":11,"column":15}},"loc":{"start":{"line":11,"column":17},"end":{"line":17,"column":3}}},"2":{"name":"(anonymous_3)","decl":{"start":{"line":26,"column":22},"end":{"line":26,"column":23}},"loc":{"start":{"line":26,"column":31},"end":{"line":40,"column":7}}}},"branchMap":{"0":{"loc":{"start":{"line":20,"column":19},"end":{"line":22,"column":8}},"type":"cond-expr","locations":[{"start":{"line":21,"column":6},"end":{"line":21,"column":47}},{"start":{"line":22,"column":6},"end":{"line":22,"column":8}}]},"1":{"loc":{"start":{"line":28,"column":24},"end":{"line":28,"column":53}},"type":"cond-expr","locations":[{"start":{"line":28,"column":38},"end":{"line":28,"column":49}},{"start":{"line":28,"column":52},"end":{"line":28,"column":53}}]},"2":{"loc":{"start":{"line":30,"column":10},"end":{"line":30,"column":61}},"type":"cond-expr","locations":[{"start":{"line":30,"column":29},"end":{"line":30,"column":47}},{"start":{"line":30,"column":50},"end":{"line":30,"column":61}}]},"3":{"loc":{"start":{"line":31,"column":8},"end":{"line":39,"column":null}},"type":"if","locations":[{"start":{"line":31,"column":8},"end":{"line":39,"column":null}},{"start":{"line":37,"column":15},"end":{"line":39,"column":null}}]},"4":{"loc":{"start":{"line":31,"column":12},"end":{"line":31,"column":64}},"type":"binary-expr","locations":[{"start":{"line":31,"column":12},"end":{"line":31,"column":20}},{"start":{"line":31,"column":24},"end":{"line":31,"column":64}}]}},"s":{"0":3,"1":3,"2":3,"3":12,"4":12,"5":12,"6":12,"7":7,"8":7,"9":7,"10":35,"11":7,"12":12,"13":12,"14":12,"15":34,"16":34,"17":34,"18":34,"19":29,"20":5,"21":3},"f":{"0":12,"1":7,"2":34},"b":{"0":[2,10],"1":[29,5],"2":[5,29],"3":[29,5],"4":[34,10]}}
,"C:\\Personal data\\Learning_WEB\\GitHub\\RS\\module-3\\src\\components\\SearchBar\\SearchBar.tsx": {"path":"C:\\Personal data\\Learning_WEB\\GitHub\\RS\\module-3\\src\\components\\SearchBar\\SearchBar.tsx","statementMap":{"0":{"start":{"line":1,"column":0},"end":{"line":1,"column":44}},"1":{"start":{"line":2,"column":0},"end":{"line":2,"column":44}},"2":{"start":{"line":3,"column":0},"end":{"line":3,"column":45}},"3":{"start":{"line":4,"column":0},"end":{"line":4,"column":80}},"4":{"start":{"line":5,"column":0},"end":{"line":5,"column":38}},"5":{"start":{"line":6,"column":0},"end":{"line":6,"column":null}},"6":{"start":{"line":12,"column":0},"end":{"line":12,"column":53}},"7":{"start":{"line":13,"column":0},"end":{"line":13,"column":47}},"8":{"start":{"line":14,"column":0},"end":{"line":14,"column":65}},"9":{"start":{"line":15,"column":0},"end":{"line":15,"column":44}},"10":{"start":{"line":18,"column":44},"end":{"line":21,"column":4}},"11":{"start":{"line":22,"column":19},"end":{"line":22,"column":32}},"12":{"start":{"line":24,"column":2},"end":{"line":29,"column":9}},"13":{"start":{"line":25,"column":4},"end":{"line":28,"column":7}},"14":{"start":{"line":31,"column":26},"end":{"line":44,"column":3}},"15":{"start":{"line":32,"column":4},"end":{"line":38,"column":null}},"16":{"start":{"line":33,"column":6},"end":{"line":36,"column":9}},"17":{"start":{"line":37,"column":6},"end":{"line":37,"column":13}},"18":{"start":{"line":39,"column":33},"end":{"line":39,"column":58}},"19":{"start":{"line":40,"column":4},"end":{"line":43,"column":7}},"20":{"start":{"line":42,"column":45},"end":{"line":42,"column":69}},"21":{"start":{"line":46,"column":32},"end":{"line":55,"column":3}},"22":{"start":{"line":47,"column":54},"end":{"line":47,"column":72}},"23":{"start":{"line":48,"column":4},"end":{"line":54,"column":12}},"24":{"start":{"line":50,"column":41},"end":{"line":54,"column":10}},"25":{"start":{"line":57,"column":34},"end":{"line":61,"column":3}},"26":{"start":{"line":58,"column":4},"end":{"line":60,"column":6}},"27":{"start":{"line":63,"column":26},"end":{"line":69,"column":3}},"28":{"start":{"line":64,"column":4},"end":{"line":68,"column":8}},"29":{"start":{"line":64,"column":37},"end":{"line":68,"column":6}},"30":{"start":{"line":71,"column":22},"end":{"line":83,"column":3}},"31":{"start":{"line":72,"column":4},"end":{"line":72,"column":57}},"32":{"start":{"line":73,"column":4},"end":{"line":73,"column":58}},"33":{"start":{"line":75,"column":4},"end":{"line":75,"column":17}},"34":{"start":{"line":77,"column":4},"end":{"line":82,"column":7}},"35":{"start":{"line":78,"column":6},"end":{"line":81,"column":8}},"36":{"start":{"line":85,"column":30},"end":{"line":88,"column":3}},"37":{"start":{"line":86,"column":4},"end":{"line":86,"column":33}},"38":{"start":{"line":87,"column":4},"end":{"line":87,"column":24}},"39":{"start":{"line":90,"column":2},"end":{"line":124,"column":4}},"40":{"start":{"line":100,"column":14},"end":{"line":100,"column":58}},"41":{"start":{"line":103,"column":14},"end":{"line":103,"column":40}},"42":{"start":{"line":106,"column":14},"end":{"line":106,"column":53}},"43":{"start":{"line":17,"column":0},"end":{"line":17,"column":24}}},"fnMap":{"0":{"name":"SearchBar","decl":{"start":{"line":17,"column":24},"end":{"line":17,"column":33}},"loc":{"start":{"line":17,"column":46},"end":{"line":125,"column":1}}},"1":{"name":"(anonymous_2)","decl":{"start":{"line":24,"column":12},"end":{"line":24,"column":15}},"loc":{"start":{"line":24,"column":17},"end":{"line":29,"column":3}}},"2":{"name":"(anonymous_3)","decl":{"start":{"line":31,"column":26},"end":{"line":31,"column":27}},"loc":{"start":{"line":31,"column":64},"end":{"line":44,"column":3}}},"3":{"name":"(anonymous_4)","decl":{"start":{"line":42,"column":35},"end":{"line":42,"column":36}},"loc":{"start":{"line":42,"column":45},"end":{"line":42,"column":69}}},"4":{"name":"(anonymous_5)","decl":{"start":{"line":46,"column":32},"end":{"line":46,"column":33}},"loc":{"start":{"line":46,"column":50},"end":{"line":55,"column":3}}},"5":{"name":"(anonymous_6)","decl":{"start":{"line":50,"column":25},"end":{"line":50,"column":26}},"loc":{"start":{"line":50,"column":41},"end":{"line":54,"column":10}}},"6":{"name":"(anonymous_7)","decl":{"start":{"line":57,"column":34},"end":{"line":57,"column":35}},"loc":{"start":{"line":57,"column":53},"end":{"line":61,"column":3}}},"7":{"name":"(anonymous_8)","decl":{"start":{"line":63,"column":26},"end":{"line":63,"column":27}},"loc":{"start":{"line":63,"column":44},"end":{"line":69,"column":3}}},"8":{"name":"(anonymous_9)","decl":{"start":{"line":64,"column":21},"end":{"line":64,"column":22}},"loc":{"start":{"line":64,"column":37},"end":{"line":68,"column":6}}},"9":{"name":"(anonymous_10)","decl":{"start":{"line":71,"column":22},"end":{"line":71,"column":25}},"loc":{"start":{"line":71,"column":27},"end":{"line":83,"column":3}}},"10":{"name":"(anonymous_11)","decl":{"start":{"line":77,"column":21},"end":{"line":77,"column":22}},"loc":{"start":{"line":77,"column":35},"end":{"line":82,"column":5}}},"11":{"name":"(anonymous_12)","decl":{"start":{"line":85,"column":30},"end":{"line":85,"column":31}},"loc":{"start":{"line":85,"column":48},"end":{"line":88,"column":3}}},"12":{"name":"(anonymous_13)","decl":{"start":{"line":99,"column":22},"end":{"line":99,"column":23}},"loc":{"start":{"line":99,"column":32},"end":{"line":101,"column":13}}},"13":{"name":"(anonymous_14)","decl":{"start":{"line":102,"column":21},"end":{"line":102,"column":24}},"loc":{"start":{"line":102,"column":26},"end":{"line":104,"column":13}}},"14":{"name":"(anonymous_15)","decl":{"start":{"line":105,"column":23},"end":{"line":105,"column":24}},"loc":{"start":{"line":105,"column":33},"end":{"line":107,"column":13}}}},"branchMap":{"0":{"loc":{"start":{"line":32,"column":4},"end":{"line":38,"column":null}},"type":"if","locations":[{"start":{"line":32,"column":4},"end":{"line":38,"column":null}}]},"1":{"loc":{"start":{"line":48,"column":4},"end":{"line":54,"column":11}},"type":"cond-expr","locations":[{"start":{"line":49,"column":8},"end":{"line":49,"column":51}},{"start":{"line":50,"column":8},"end":{"line":54,"column":11}}]},"2":{"loc":{"start":{"line":59,"column":6},"end":{"line":59,"column":62}},"type":"cond-expr","locations":[{"start":{"line":59,"column":30},"end":{"line":59,"column":35}},{"start":{"line":59,"column":38},"end":{"line":59,"column":62}}]},"3":{"loc":{"start":{"line":59,"column":6},"end":{"line":59,"column":27}},"type":"binary-expr","locations":[{"start":{"line":59,"column":6},"end":{"line":59,"column":11}},{"start":{"line":59,"column":15},"end":{"line":59,"column":27}}]},"4":{"loc":{"start":{"line":106,"column":14},"end":{"line":106,"column":52}},"type":"binary-expr","locations":[{"start":{"line":106,"column":14},"end":{"line":106,"column":35}},{"start":{"line":106,"column":39},"end":{"line":106,"column":52}}]}},"s":{"0":2,"1":2,"2":2,"3":2,"4":2,"5":2,"6":2,"7":2,"8":2,"9":2,"10":8,"11":8,"12":8,"13":2,"14":8,"15":0,"16":0,"17":0,"18":0,"19":0,"20":0,"21":8,"22":4,"23":4,"24":4,"25":8,"26":4,"27":8,"28":0,"29":0,"30":8,"31":0,"32":0,"33":0,"34":0,"35":0,"36":8,"37":0,"38":0,"39":8,"40":3,"41":1,"42":3,"43":2},"f":{"0":8,"1":2,"2":0,"3":0,"4":4,"5":4,"6":4,"7":0,"8":0,"9":0,"10":0,"11":0,"12":3,"13":1,"14":3},"b":{"0":[0],"1":[0,4],"2":[3,1],"3":[4,1],"4":[3,0]}}
,"C:\\Personal data\\Learning_WEB\\GitHub\\RS\\module-3\\src\\components\\Searcher\\Searcher.tsx": {"path":"C:\\Personal data\\Learning_WEB\\GitHub\\RS\\module-3\\src\\components\\Searcher\\Searcher.tsx","statementMap":{"0":{"start":{"line":1,"column":0},"end":{"line":1,"column":43}},"1":{"start":{"line":2,"column":0},"end":{"line":2,"column":44}},"2":{"start":{"line":3,"column":0},"end":{"line":3,"column":47}},"3":{"start":{"line":4,"column":0},"end":{"line":4,"column":62}},"4":{"start":{"line":5,"column":0},"end":{"line":5,"column":53}},"5":{"start":{"line":6,"column":0},"end":{"line":6,"column":44}},"6":{"start":{"line":7,"column":0},"end":{"line":7,"column":70}},"7":{"start":{"line":8,"column":0},"end":{"line":8,"column":64}},"8":{"start":{"line":9,"column":0},"end":{"line":9,"column":88}},"9":{"start":{"line":10,"column":0},"end":{"line":10,"column":null}},"10":{"start":{"line":18,"column":4},"end":{"line":18,"column":22}},"11":{"start":{"line":19,"column":48},"end":{"line":19,"column":72}},"12":{"start":{"line":20,"column":25},"end":{"line":20,"column":36}},"13":{"start":{"line":22,"column":21},"end":{"line":22,"column":60}},"14":{"start":{"line":23,"column":35},"end":{"line":23,"column":69}},"15":{"start":{"line":25,"column":27},"end":{"line":38,"column":3}},"16":{"start":{"line":26,"column":39},"end":{"line":26,"column":60}},"17":{"start":{"line":27,"column":23},"end":{"line":29,"column":null}},"18":{"start":{"line":28,"column":29},"end":{"line":28,"column":70}},"19":{"start":{"line":31,"column":4},"end":{"line":36,"column":6}},"20":{"start":{"line":37,"column":4},"end":{"line":37,"column":38}},"21":{"start":{"line":40,"column":2},"end":{"line":68,"column":41}},"22":{"start":{"line":41,"column":4},"end":{"line":66,"column":null}},"23":{"start":{"line":42,"column":57},"end":{"line":48,"column":null}},"24":{"start":{"line":46,"column":23},"end":{"line":46,"column":44}},"25":{"start":{"line":48,"column":10},"end":{"line":48,"column":80}},"26":{"start":{"line":50,"column":6},"end":{"line":50,"column":31}},"27":{"start":{"line":51,"column":6},"end":{"line":54,"column":50}},"28":{"start":{"line":52,"column":26},"end":{"line":52,"column":50}},"29":{"start":{"line":53,"column":26},"end":{"line":53,"column":52}},"30":{"start":{"line":54,"column":23},"end":{"line":54,"column":48}},"31":{"start":{"line":56,"column":6},"end":{"line":56,"column":31}},"32":{"start":{"line":57,"column":6},"end":{"line":65,"column":50}},"33":{"start":{"line":62,"column":10},"end":{"line":62,"column":41}},"34":{"start":{"line":64,"column":26},"end":{"line":64,"column":52}},"35":{"start":{"line":65,"column":23},"end":{"line":65,"column":48}},"36":{"start":{"line":70,"column":2},"end":{"line":85,"column":4}},"37":{"start":{"line":16,"column":0},"end":{"line":16,"column":24}}},"fnMap":{"0":{"name":"Searcher","decl":{"start":{"line":16,"column":24},"end":{"line":16,"column":32}},"loc":{"start":{"line":16,"column":32},"end":{"line":86,"column":1}}},"1":{"name":"(anonymous_2)","decl":{"start":{"line":25,"column":27},"end":{"line":25,"column":28}},"loc":{"start":{"line":25,"column":59},"end":{"line":38,"column":3}}},"2":{"name":"(anonymous_3)","decl":{"start":{"line":28,"column":6},"end":{"line":28,"column":7}},"loc":{"start":{"line":28,"column":29},"end":{"line":28,"column":70}}},"3":{"name":"(anonymous_4)","decl":{"start":{"line":40,"column":12},"end":{"line":40,"column":15}},"loc":{"start":{"line":40,"column":17},"end":{"line":68,"column":3}}},"4":{"name":"(anonymous_5)","decl":{"start":{"line":46,"column":16},"end":{"line":46,"column":17}},"loc":{"start":{"line":46,"column":23},"end":{"line":46,"column":44}}},"5":{"name":"(anonymous_6)","decl":{"start":{"line":47,"column":13},"end":{"line":47,"column":14}},"loc":{"start":{"line":48,"column":10},"end":{"line":48,"column":80}}},"6":{"name":"(anonymous_7)","decl":{"start":{"line":52,"column":14},"end":{"line":52,"column":15}},"loc":{"start":{"line":52,"column":26},"end":{"line":52,"column":50}}},"7":{"name":"(anonymous_8)","decl":{"start":{"line":53,"column":15},"end":{"line":53,"column":16}},"loc":{"start":{"line":53,"column":26},"end":{"line":53,"column":52}}},"8":{"name":"(anonymous_9)","decl":{"start":{"line":54,"column":17},"end":{"line":54,"column":20}},"loc":{"start":{"line":54,"column":23},"end":{"line":54,"column":48}}},"9":{"name":"(anonymous_10)","decl":{"start":{"line":61,"column":14},"end":{"line":61,"column":15}},"loc":{"start":{"line":61,"column":25},"end":{"line":63,"column":9}}},"10":{"name":"(anonymous_11)","decl":{"start":{"line":64,"column":15},"end":{"line":64,"column":16}},"loc":{"start":{"line":64,"column":26},"end":{"line":64,"column":52}}},"11":{"name":"(anonymous_12)","decl":{"start":{"line":65,"column":17},"end":{"line":65,"column":20}},"loc":{"start":{"line":65,"column":23},"end":{"line":65,"column":48}}}},"branchMap":{"0":{"loc":{"start":{"line":28,"column":50},"end":{"line":28,"column":68}},"type":"binary-expr","locations":[{"start":{"line":28,"column":50},"end":{"line":28,"column":62}},{"start":{"line":28,"column":66},"end":{"line":28,"column":68}}]},"1":{"loc":{"start":{"line":41,"column":4},"end":{"line":66,"column":null}},"type":"if","locations":[{"start":{"line":41,"column":4},"end":{"line":66,"column":null}},{"start":{"line":55,"column":11},"end":{"line":66,"column":null}}]},"2":{"loc":{"start":{"line":43,"column":14},"end":{"line":43,"column":41}},"type":"cond-expr","locations":[{"start":{"line":43,"column":27},"end":{"line":43,"column":37}},{"start":{"line":43,"column":40},"end":{"line":43,"column":41}}]},"3":{"loc":{"start":{"line":44,"column":14},"end":{"line":44,"column":41}},"type":"cond-expr","locations":[{"start":{"line":44,"column":27},"end":{"line":44,"column":37}},{"start":{"line":44,"column":40},"end":{"line":44,"column":41}}]},"4":{"loc":{"start":{"line":59,"column":8},"end":{"line":59,"column":43}},"type":"cond-expr","locations":[{"start":{"line":59,"column":21},"end":{"line":59,"column":31}},{"start":{"line":59,"column":34},"end":{"line":59,"column":43}}]},"5":{"loc":{"start":{"line":70,"column":9},"end":{"line":84,"column":null}},"type":"cond-expr","locations":[{"start":{"line":71,"column":4},"end":{"line":71,"column":22}},{"start":{"line":73,"column":4},"end":{"line":83,"column":null}}]},"6":{"loc":{"start":{"line":82,"column":21},"end":{"line":82,"column":57}},"type":"cond-expr","locations":[{"start":{"line":82,"column":34},"end":{"line":82,"column":45}},{"start":{"line":82,"column":48},"end":{"line":82,"column":57}}]}},"s":{"0":2,"1":2,"2":2,"3":2,"4":2,"5":2,"6":2,"7":2,"8":2,"9":2,"10":6,"11":4,"12":4,"13":4,"14":4,"15":4,"16":0,"17":0,"18":0,"19":0,"20":0,"21":4,"22":2,"23":0,"24":0,"25":0,"26":0,"27":0,"28":0,"29":0,"30":0,"31":2,"32":2,"33":0,"34":2,"35":2,"36":4,"37":2},"f":{"0":6,"1":0,"2":0,"3":2,"4":0,"5":0,"6":0,"7":0,"8":0,"9":0,"10":2,"11":2},"b":{"0":[0,0],"1":[0,2],"2":[0,0],"3":[0,0],"4":[0,2],"5":[2,2],"6":[0,2]}}
,"C:\\Personal data\\Learning_WEB\\GitHub\\RS\\module-3\\src\\pages\\SearchPage\\SearchPage.tsx": {"path":"C:\\Personal data\\Learning_WEB\\GitHub\\RS\\module-3\\src\\pages\\SearchPage\\SearchPage.tsx","statementMap":{"0":{"start":{"line":1,"column":0},"end":{"line":1,"column":61}},"1":{"start":{"line":2,"column":0},"end":{"line":2,"column":67}},"2":{"start":{"line":3,"column":0},"end":{"line":3,"column":33}},"3":{"start":{"line":4,"column":0},"end":{"line":4,"column":42}},"4":{"start":{"line":6,"column":0},"end":{"line":6,"column":null}},"5":{"start":{"line":12,"column":40},"end":{"line":12,"column":60}},"6":{"start":{"line":13,"column":32},"end":{"line":13,"column":52}},"7":{"start":{"line":14,"column":42},"end":{"line":15,"column":null}},"8":{"start":{"line":17,"column":33},"end":{"line":19,"column":3}},"9":{"start":{"line":18,"column":4},"end":{"line":18,"column":27}},"10":{"start":{"line":20,"column":45},"end":{"line":25,"column":4}},"11":{"start":{"line":26,"column":2},"end":{"line":36,"column":4}},"12":{"start":{"line":11,"column":0},"end":{"line":11,"column":24}}},"fnMap":{"0":{"name":"SearchPage","decl":{"start":{"line":11,"column":24},"end":{"line":11,"column":34}},"loc":{"start":{"line":11,"column":34},"end":{"line":37,"column":1}}},"1":{"name":"(anonymous_2)","decl":{"start":{"line":17,"column":33},"end":{"line":17,"column":34}},"loc":{"start":{"line":17,"column":62},"end":{"line":19,"column":3}}}},"branchMap":{},"s":{"0":1,"1":1,"2":1,"3":1,"4":1,"5":2,"6":1,"7":1,"8":1,"9":0,"10":1,"11":1,"12":1},"f":{"0":2,"1":0},"b":{}}
,"C:\\Personal data\\Learning_WEB\\GitHub\\RS\\module-3\\src\\routes\\RouterSearch.tsx": {"path":"C:\\Personal data\\Learning_WEB\\GitHub\\RS\\module-3\\src\\routes\\RouterSearch.tsx","statementMap":{"0":{"start":{"line":1,"column":0},"end":{"line":1,"column":71}},"1":{"start":{"line":2,"column":0},"end":{"line":2,"column":56}},"2":{"start":{"line":3,"column":0},"end":{"line":3,"column":73}},"3":{"start":{"line":4,"column":0},"end":{"line":4,"column":55}},"4":{"start":{"line":5,"column":0},"end":{"line":5,"column":64}},"5":{"start":{"line":7,"column":13},"end":{"line":35,"column":2}},"6":{"start":{"line":38,"column":17},"end":{"line":38,"column":56}},"7":{"start":{"line":40,"column":2},"end":{"line":44,"column":4}},"8":{"start":{"line":37,"column":0},"end":{"line":37,"column":24}}},"fnMap":{"0":{"name":"RouterSearch","decl":{"start":{"line":37,"column":24},"end":{"line":37,"column":36}},"loc":{"start":{"line":37,"column":36},"end":{"line":45,"column":1}}}},"branchMap":{},"s":{"0":1,"1":1,"2":1,"3":1,"4":1,"5":1,"6":2,"7":2,"8":1},"f":{"0":2},"b":{}}
,"C:\\Personal data\\Learning_WEB\\GitHub\\RS\\module-3\\src\\utils\\SearchLocalStorage.ts": {"path":"C:\\Personal data\\Learning_WEB\\GitHub\\RS\\module-3\\src\\utils\\SearchLocalStorage.ts","statementMap":{"0":{"start":{"line":1,"column":43},"end":{"line":1,"column":56}},"1":{"start":{"line":3,"column":32},"end":{"line":11,"column":1}},"2":{"start":{"line":4,"column":38},"end":{"line":5,"column":null}},"3":{"start":{"line":7,"column":2},"end":{"line":10,"column":null}},"4":{"start":{"line":8,"column":36},"end":{"line":8,"column":60}},"5":{"start":{"line":9,"column":4},"end":{"line":9,"column":25}},"6":{"start":{"line":3,"column":13},"end":{"line":3,"column":32}},"7":{"start":{"line":12,"column":35},"end":{"line":38,"column":1}},"8":{"start":{"line":13,"column":36},"end":{"line":14,"column":null}},"9":{"start":{"line":16,"column":2},"end":{"line":22,"column":null}},"10":{"start":{"line":17,"column":4},"end":{"line":20,"column":6}},"11":{"start":{"line":21,"column":4},"end":{"line":21,"column":11}},"12":{"start":{"line":23,"column":29},"end":{"line":23,"column":51}},"13":{"start":{"line":24,"column":2},"end":{"line":37,"column":null}},"14":{"start":{"line":25,"column":42},"end":{"line":26,"column":null}},"15":{"start":{"line":26,"column":16},"end":{"line":26,"column":36}},"16":{"start":{"line":28,"column":4},"end":{"line":31,"column":6}},"17":{"start":{"line":33,"column":4},"end":{"line":36,"column":6}},"18":{"start":{"line":12,"column":13},"end":{"line":12,"column":35}},"19":{"start":{"line":39,"column":30},"end":{"line":48,"column":1}},"20":{"start":{"line":40,"column":39},"end":{"line":40,"column":57}},"21":{"start":{"line":41,"column":2},"end":{"line":46,"column":null}},"22":{"start":{"line":42,"column":38},"end":{"line":42,"column":51}},"23":{"start":{"line":43,"column":4},"end":{"line":45,"column":null}},"24":{"start":{"line":44,"column":6},"end":{"line":44,"column":19}},"25":{"start":{"line":47,"column":2},"end":{"line":47,"column":12}},"26":{"start":{"line":39,"column":13},"end":{"line":39,"column":30}}},"fnMap":{"0":{"name":"(anonymous_0)","decl":{"start":{"line":3,"column":32},"end":{"line":3,"column":35}},"loc":{"start":{"line":3,"column":37},"end":{"line":11,"column":1}}},"1":{"name":"(anonymous_1)","decl":{"start":{"line":12,"column":35},"end":{"line":12,"column":36}},"loc":{"start":{"line":12,"column":59},"end":{"line":38,"column":1}}},"2":{"name":"(anonymous_2)","decl":{"start":{"line":26,"column":6},"end":{"line":26,"column":7}},"loc":{"start":{"line":26,"column":16},"end":{"line":26,"column":36}}},"3":{"name":"(anonymous_3)","decl":{"start":{"line":39,"column":30},"end":{"line":39,"column":33}},"loc":{"start":{"line":39,"column":35},"end":{"line":48,"column":1}}}},"branchMap":{"0":{"loc":{"start":{"line":7,"column":2},"end":{"line":10,"column":null}},"type":"if","locations":[{"start":{"line":7,"column":2},"end":{"line":10,"column":null}}]},"1":{"loc":{"start":{"line":16,"column":2},"end":{"line":22,"column":null}},"type":"if","locations":[{"start":{"line":16,"column":2},"end":{"line":22,"column":null}}]},"2":{"loc":{"start":{"line":24,"column":2},"end":{"line":37,"column":null}},"type":"if","locations":[{"start":{"line":24,"column":2},"end":{"line":37,"column":null}},{"start":{"line":32,"column":9},"end":{"line":37,"column":null}}]},"3":{"loc":{"start":{"line":41,"column":2},"end":{"line":46,"column":null}},"type":"if","locations":[{"start":{"line":41,"column":2},"end":{"line":46,"column":null}}]},"4":{"loc":{"start":{"line":41,"column":6},"end":{"line":41,"column":29}},"type":"binary-expr","locations":[{"start":{"line":41,"column":6},"end":{"line":41,"column":12}},{"start":{"line":41,"column":16},"end":{"line":41,"column":29}}]},"5":{"loc":{"start":{"line":43,"column":4},"end":{"line":45,"column":null}},"type":"if","locations":[{"start":{"line":43,"column":4},"end":{"line":45,"column":null}}]},"6":{"loc":{"start":{"line":43,"column":8},"end":{"line":43,"column":45}},"type":"binary-expr","locations":[{"start":{"line":43,"column":8},"end":{"line":43,"column":22}},{"start":{"line":43,"column":26},"end":{"line":43,"column":45}}]}},"s":{"0":3,"1":3,"2":8,"3":8,"4":0,"5":0,"6":3,"7":3,"8":0,"9":0,"10":0,"11":0,"12":0,"13":0,"14":0,"15":0,"16":0,"17":0,"18":3,"19":3,"20":4,"21":4,"22":0,"23":0,"24":0,"25":4,"26":3},"f":{"0":8,"1":0,"2":0,"3":4},"b":{"0":[0],"1":[0],"2":[0,0],"3":[0],"4":[4,0],"5":[0],"6":[0,0]}}
,"C:\\Personal data\\Learning_WEB\\GitHub\\RS\\module-3\\src\\utils\\TestMethods.tsx": {"path":"C:\\Personal data\\Learning_WEB\\GitHub\\RS\\module-3\\src\\utils\\TestMethods.tsx","statementMap":{"0":{"start":{"line":1,"column":0},"end":{"line":1,"column":70}},"1":{"start":{"line":3,"column":0},"end":{"line":3,"column":57}},"2":{"start":{"line":4,"column":0},"end":{"line":4,"column":48}},"3":{"start":{"line":5,"column":0},"end":{"line":5,"column":73}},"4":{"start":{"line":14,"column":53},"end":{"line":31,"column":1}},"5":{"start":{"line":19,"column":17},"end":{"line":29,"column":4}},"6":{"start":{"line":30,"column":2},"end":{"line":30,"column":52}},"7":{"start":{"line":14,"column":13},"end":{"line":14,"column":53}},"8":{"start":{"line":33,"column":13},"end":{"line":50,"column":2}},"9":{"start":{"line":51,"column":13},"end":{"line":58,"column":2}},"10":{"start":{"line":56,"column":4},"end":{"line":56,"column":43}}},"fnMap":{"0":{"name":"(anonymous_1)","decl":{"start":{"line":14,"column":53},"end":{"line":14,"column":null}},"loc":{"start":{"line":18,"column":4},"end":{"line":31,"column":1}}},"1":{"name":"(anonymous_2)","decl":{"start":{"line":55,"column":34},"end":{"line":55,"column":35}},"loc":{"start":{"line":55,"column":63},"end":{"line":57,"column":3}}}},"branchMap":{"0":{"loc":{"start":{"line":17,"column":2},"end":{"line":17,"column":24}},"type":"default-arg","locations":[{"start":{"line":17,"column":21},"end":{"line":17,"column":24}}]}},"s":{"0":3,"1":3,"2":3,"3":3,"4":3,"5":3,"6":3,"7":3,"8":3,"9":3,"10":0},"f":{"0":3,"1":0},"b":{"0":[3]}}
,"C:\\Personal data\\Learning_WEB\\GitHub\\RS\\module-3\\src\\utils\\constants.ts": {"path":"C:\\Personal data\\Learning_WEB\\GitHub\\RS\\module-3\\src\\utils\\constants.ts","statementMap":{"0":{"start":{"line":1,"column":13},"end":{"line":1,"column":59}}},"fnMap":{},"branchMap":{},"s":{"0":3},"f":{},"b":{}}
,"C:\\Personal data\\Learning_WEB\\GitHub\\RS\\module-3\\src\\utils\\ApiRequest\\ApiRequestPeople.ts": {"path":"C:\\Personal data\\Learning_WEB\\GitHub\\RS\\module-3\\src\\utils\\ApiRequest\\ApiRequestPeople.ts","statementMap":{"0":{"start":{"line":3,"column":45},"end":{"line":14,"column":1}},"1":{"start":{"line":7,"column":19},"end":{"line":10,"column":null}},"2":{"start":{"line":12,"column":36},"end":{"line":12,"column":57}},"3":{"start":{"line":13,"column":2},"end":{"line":13,"column":16}},"4":{"start":{"line":3,"column":13},"end":{"line":3,"column":45}},"5":{"start":{"line":16,"column":34},"end":{"line":20,"column":1}},"6":{"start":{"line":17,"column":19},"end":{"line":17,"column":68}},"7":{"start":{"line":18,"column":25},"end":{"line":18,"column":46}},"8":{"start":{"line":19,"column":2},"end":{"line":19,"column":16}},"9":{"start":{"line":16,"column":13},"end":{"line":16,"column":34}},"10":{"start":{"line":22,"column":28},"end":{"line":24,"column":1}},"11":{"start":{"line":23,"column":2},"end":{"line":23,"column":43}},"12":{"start":{"line":22,"column":13},"end":{"line":22,"column":28}}},"fnMap":{"0":{"name":"(anonymous_0)","decl":{"start":{"line":3,"column":45},"end":{"line":3,"column":50}},"loc":{"start":{"line":6,"column":4},"end":{"line":14,"column":1}}},"1":{"name":"(anonymous_1)","decl":{"start":{"line":16,"column":34},"end":{"line":16,"column":39}},"loc":{"start":{"line":16,"column":55},"end":{"line":20,"column":1}}},"2":{"name":"(anonymous_2)","decl":{"start":{"line":22,"column":28},"end":{"line":22,"column":29}},"loc":{"start":{"line":22,"column":44},"end":{"line":24,"column":1}}}},"branchMap":{"0":{"loc":{"start":{"line":8,"column":4},"end":{"line":10,"column":56}},"type":"cond-expr","locations":[{"start":{"line":9,"column":8},"end":{"line":9,"column":69}},{"start":{"line":10,"column":8},"end":{"line":10,"column":56}}]}},"s":{"0":6,"1":4,"2":2,"3":2,"4":6,"5":6,"6":1,"7":1,"8":1,"9":6,"10":6,"11":8,"12":6},"f":{"0":4,"1":1,"2":8},"b":{"0":[1,1]}}
,"C:\\Personal data\\Learning_WEB\\GitHub\\RS\\module-3\\src\\utils\\ApiResponse\\ApiResponsePeople.ts": {"path":"C:\\Personal data\\Learning_WEB\\GitHub\\RS\\module-3\\src\\utils\\ApiResponse\\ApiResponsePeople.ts","statementMap":{"0":{"start":{"line":7,"column":13},"end":{"line":12,"column":2}},"1":{"start":{"line":24,"column":13},"end":{"line":34,"column":2}}},"fnMap":{},"branchMap":{},"s":{"0":3,"1":3},"f":{},"b":{}}
,"C:\\Personal data\\Learning_WEB\\GitHub\\RS\\module-3\\src\\utils\\contexts\\SearchContext.tsx": {"path":"C:\\Personal data\\Learning_WEB\\GitHub\\RS\\module-3\\src\\utils\\contexts\\SearchContext.tsx","statementMap":{"0":{"start":{"line":1,"column":0},"end":{"line":1,"column":50}},"1":{"start":{"line":13,"column":13},"end":{"line":15,"column":2}},"2":{"start":{"line":17,"column":32},"end":{"line":23,"column":1}},"3":{"start":{"line":18,"column":18},"end":{"line":18,"column":43}},"4":{"start":{"line":19,"column":2},"end":{"line":21,"column":null}},"5":{"start":{"line":20,"column":4},"end":{"line":20,"column":80}},"6":{"start":{"line":22,"column":2},"end":{"line":22,"column":17}},"7":{"start":{"line":17,"column":13},"end":{"line":17,"column":32}}},"fnMap":{"0":{"name":"(anonymous_0)","decl":{"start":{"line":17,"column":32},"end":{"line":17,"column":35}},"loc":{"start":{"line":17,"column":37},"end":{"line":23,"column":1}}}},"branchMap":{"0":{"loc":{"start":{"line":19,"column":2},"end":{"line":21,"column":null}},"type":"if","locations":[{"start":{"line":19,"column":2},"end":{"line":21,"column":null}}]}},"s":{"0":4,"1":4,"2":4,"3":6,"4":4,"5":0,"6":4,"7":4},"f":{"0":6},"b":{"0":[0]}}
}
