TN:
SF:src\App.tsx
FN:5,App
FNF:1
FNH:1
FNDA:2,App
DA:2,1
DA:3,1
DA:6,2
DA:15,1
LF:4
LH:4
BRF:0
BRH:0
end_of_record
TN:
SF:src\components\Button\Button.tsx
FN:4,Button
FNF:1
FNH:1
FNDA:20,Button
DA:1,5
DA:4,5
DA:5,20
DA:6,20
LF:4
LH:4
BRDA:9,0,0,1
BRDA:9,0,1,19
BRF:2
BRH:2
end_of_record
TN:
SF:src\components\Card\Card.tsx
FN:6,Card
FNF:1
FNH:1
FNDA:8,Card
DA:1,4
DA:3,4
DA:4,4
DA:6,4
DA:7,8
DA:9,8
DA:10,8
DA:11,8
DA:12,8
DA:14,8
DA:15,8
DA:16,1
DA:17,7
DA:18,1
DA:20,6
DA:27,8
LF:16
LH:16
BRDA:15,0,0,1
BRDA:15,0,1,7
BRDA:17,1,0,1
BRDA:17,1,1,6
BRF:4
BRH:4
end_of_record
TN:
SF:src\components\CardDetails\CardDetails.tsx
FN:9,CardDetails
FN:13,(anonymous_2)
FN:17,(anonymous_3)
FN:20,(anonymous_4)
FN:21,(anonymous_5)
FNF:5
FNH:2
FNDA:1,CardDetails
FNDA:1,(anonymous_2)
FNDA:0,(anonymous_3)
FNDA:0,(anonymous_4)
FNDA:0,(anonymous_5)
DA:1,2
DA:2,2
DA:3,2
DA:5,2
DA:6,2
DA:7,2
DA:9,2
DA:10,1
DA:11,1
DA:12,1
DA:13,1
DA:14,1
DA:15,0
DA:16,0
DA:18,0
DA:20,0
DA:21,0
DA:24,1
LF:18
LH:13
BRDA:14,0,0,0
BRDA:24,1,0,0
BRDA:24,1,1,1
BRDA:27,2,0,1
BRDA:27,2,1,0
BRF:5
BRH:2
end_of_record
TN:
SF:src\components\CardList\CardList.tsx
FN:5,CardList
FN:13,(anonymous_2)
FNF:2
FNH:2
FNDA:4,CardList
FNDA:4,(anonymous_2)
DA:1,3
DA:2,3
DA:5,3
DA:6,4
DA:7,4
DA:8,2
DA:10,2
DA:14,4
LF:8
LH:8
BRDA:7,0,0,2
BRDA:7,0,1,2
BRDA:12,1,0,2
BRDA:12,1,1,2
BRF:4
BRH:4
end_of_record
TN:
SF:src\components\Dropdown\Dropdown.tsx
FN:4,Dropdown
FN:13,(anonymous_2)
FN:17,(anonymous_3)
FNF:3
FNH:3
FNDA:10,Dropdown
FNDA:1,(anonymous_2)
FNDA:20,(anonymous_3)
DA:1,3
DA:4,3
DA:5,10
DA:14,1
DA:18,20
LF:5
LH:5
BRF:0
BRH:0
end_of_record
TN:
SF:src\components\ErrorBoundary\ErrorBoundary.tsx
FN:5,(anonymous_1)
FN:11,(anonymous_2)
FN:14,(anonymous_3)
FN:17,(anonymous_4)
FNF:4
FNH:2
FNDA:2,(anonymous_1)
FNDA:0,(anonymous_2)
FNDA:0,(anonymous_3)
FNDA:1,(anonymous_4)
DA:1,1
DA:2,1
DA:4,1
DA:6,2
DA:7,1
DA:12,0
DA:15,0
DA:18,1
DA:19,0
DA:21,1
LF:10
LH:7
BRDA:18,0,0,0
BRF:1
BRH:0
end_of_record
TN:
SF:src\components\ErrorButton\ErrorButton.tsx
FN:5,ErrorButton
FN:7,(anonymous_2)
FNF:2
FNH:1
FNDA:15,ErrorButton
FNDA:0,(anonymous_2)
DA:1,3
DA:2,3
DA:3,3
DA:5,3
DA:6,15
DA:7,15
DA:8,0
DA:10,15
DA:11,5
DA:13,10
LF:10
LH:9
BRDA:10,0,0,5
BRF:1
BRH:1
end_of_record
TN:
SF:src\components\ErrorMatchPage\ErrorMatchPage.tsx
FN:1,ErrorMatchPage
FNF:1
FNH:0
FNDA:0,ErrorMatchPage
DA:1,4
DA:2,0
LF:2
LH:1
BRF:0
BRH:0
end_of_record
TN:
SF:src\components\ListPreviousRequests\ListPreviousRequests.tsx
FN:4,ListPreviousRequests
FN:12,(anonymous_2)
FN:13,(anonymous_3)
FNF:3
FNH:2
FNDA:10,ListPreviousRequests
FNDA:3,(anonymous_2)
FNDA:0,(anonymous_3)
DA:1,3
DA:4,3
DA:5,10
DA:6,10
DA:7,9
DA:9,1
DA:13,3
LF:7
LH:7
BRDA:6,0,0,9
BRDA:6,1,0,10
BRDA:6,1,1,9
BRDA:11,2,0,1
BRDA:11,2,1,1
BRF:5
BRH:5
end_of_record
TN:
SF:src\components\LoadingSpinner\LoadingSpinner.tsx
FN:3,LoadingSpinner
FNF:1
FNH:1
FNDA:3,LoadingSpinner
DA:1,4
DA:3,4
DA:4,3
LF:3
LH:3
BRF:0
BRH:0
end_of_record
TN:
SF:src\components\Paginator\Paginator.tsx
FN:6,Paginator
FN:11,(anonymous_2)
FN:26,(anonymous_3)
FNF:3
FNH:3
FNDA:12,Paginator
FNDA:7,(anonymous_2)
FNDA:34,(anonymous_3)
DA:1,3
DA:2,3
DA:3,3
DA:6,3
DA:7,12
DA:8,12
DA:9,12
DA:11,12
DA:12,7
DA:13,7
DA:14,35
DA:16,7
DA:19,12
DA:20,12
DA:24,12
DA:27,34
DA:28,34
DA:30,34
DA:31,34
DA:32,29
DA:38,5
LF:21
LH:21
BRDA:20,0,0,2
BRDA:20,0,1,10
BRDA:28,1,0,29
BRDA:28,1,1,5
BRDA:30,2,0,5
BRDA:30,2,1,29
BRDA:31,3,0,29
BRDA:31,3,1,5
BRDA:31,4,0,34
BRDA:31,4,1,10
BRF:10
BRH:10
end_of_record
TN:
SF:src\components\SearchBar\SearchBar.tsx
FN:17,SearchBar
FN:24,(anonymous_2)
FN:31,(anonymous_3)
FN:42,(anonymous_4)
FN:46,(anonymous_5)
FN:50,(anonymous_6)
FN:57,(anonymous_7)
FN:63,(anonymous_8)
FN:64,(anonymous_9)
FN:71,(anonymous_10)
FN:77,(anonymous_11)
FN:85,(anonymous_12)
FN:99,(anonymous_13)
FN:102,(anonymous_14)
FN:105,(anonymous_15)
FNF:15
FNH:8
FNDA:8,SearchBar
FNDA:2,(anonymous_2)
FNDA:0,(anonymous_3)
FNDA:0,(anonymous_4)
FNDA:4,(anonymous_5)
FNDA:4,(anonymous_6)
FNDA:4,(anonymous_7)
FNDA:0,(anonymous_8)
FNDA:0,(anonymous_9)
FNDA:0,(anonymous_10)
FNDA:0,(anonymous_11)
FNDA:0,(anonymous_12)
FNDA:3,(anonymous_13)
FNDA:1,(anonymous_14)
FNDA:3,(anonymous_15)
DA:1,2
DA:2,2
DA:3,2
DA:4,2
DA:5,2
DA:6,2
DA:12,2
DA:13,2
DA:14,2
DA:15,2
DA:17,2
DA:18,8
DA:22,8
DA:24,8
DA:25,2
DA:31,8
DA:32,0
DA:33,0
DA:37,0
DA:39,0
DA:40,0
DA:42,0
DA:46,8
DA:47,4
DA:48,4
DA:50,4
DA:57,8
DA:58,4
DA:63,8
DA:64,0
DA:71,8
DA:72,0
DA:73,0
DA:75,0
DA:77,0
DA:78,0
DA:85,8
DA:86,0
DA:87,0
DA:90,8
DA:100,3
DA:103,1
DA:106,3
LF:43
LH:29
BRDA:32,0,0,0
BRDA:48,1,0,0
BRDA:48,1,1,4
BRDA:59,2,0,3
BRDA:59,2,1,1
BRDA:59,3,0,4
BRDA:59,3,1,1
BRDA:106,4,0,3
BRDA:106,4,1,0
BRF:9
BRH:6
end_of_record
TN:
SF:src\components\Searcher\Searcher.tsx
FN:16,Searcher
FN:25,(anonymous_2)
FN:28,(anonymous_3)
FN:40,(anonymous_4)
FN:46,(anonymous_5)
FN:47,(anonymous_6)
FN:52,(anonymous_7)
FN:53,(anonymous_8)
FN:54,(anonymous_9)
FN:61,(anonymous_10)
FN:64,(anonymous_11)
FN:65,(anonymous_12)
FNF:12
FNH:4
FNDA:6,Searcher
FNDA:0,(anonymous_2)
FNDA:0,(anonymous_3)
FNDA:2,(anonymous_4)
FNDA:0,(anonymous_5)
FNDA:0,(anonymous_6)
FNDA:0,(anonymous_7)
FNDA:0,(anonymous_8)
FNDA:0,(anonymous_9)
FNDA:0,(anonymous_10)
FNDA:2,(anonymous_11)
FNDA:2,(anonymous_12)
DA:1,2
DA:2,2
DA:3,2
DA:4,2
DA:5,2
DA:6,2
DA:7,2
DA:8,2
DA:9,2
DA:10,2
DA:16,2
DA:18,6
DA:19,4
DA:20,4
DA:22,4
DA:23,4
DA:25,4
DA:26,0
DA:27,0
DA:28,0
DA:31,0
DA:37,0
DA:40,4
DA:41,2
DA:42,0
DA:46,0
DA:48,0
DA:50,0
DA:51,0
DA:52,0
DA:53,0
DA:54,0
DA:56,2
DA:57,2
DA:62,0
DA:64,2
DA:65,2
DA:70,4
LF:38
LH:24
BRDA:28,0,0,0
BRDA:28,0,1,0
BRDA:41,1,0,0
BRDA:41,1,1,2
BRDA:43,2,0,0
BRDA:43,2,1,0
BRDA:44,3,0,0
BRDA:44,3,1,0
BRDA:59,4,0,0
BRDA:59,4,1,2
BRDA:70,5,0,2
BRDA:70,5,1,2
BRDA:82,6,0,0
BRDA:82,6,1,2
BRF:14
BRH:5
end_of_record
TN:
SF:src\pages\SearchPage\SearchPage.tsx
FN:11,SearchPage
FN:17,(anonymous_2)
FNF:2
FNH:1
FNDA:2,SearchPage
FNDA:0,(anonymous_2)
DA:1,1
DA:2,1
DA:3,1
DA:4,1
DA:6,1
DA:11,1
DA:12,2
DA:13,1
DA:14,1
DA:17,1
DA:18,0
DA:20,1
DA:26,1
LF:13
LH:12
BRF:0
BRH:0
end_of_record
TN:
SF:src\routes\RouterSearch.tsx
FN:37,RouterSearch
FNF:1
FNH:1
FNDA:2,RouterSearch
DA:1,1
DA:2,1
DA:3,1
DA:4,1
DA:5,1
DA:7,1
DA:37,1
DA:38,2
DA:40,2
LF:9
LH:9
BRF:0
BRH:0
end_of_record
TN:
SF:src\utils\SearchLocalStorage.ts
FN:3,(anonymous_0)
FN:12,(anonymous_1)
FN:26,(anonymous_2)
FN:39,(anonymous_3)
FNF:4
FNH:2
FNDA:8,(anonymous_0)
FNDA:0,(anonymous_1)
FNDA:0,(anonymous_2)
FNDA:4,(anonymous_3)
DA:1,3
DA:3,3
DA:4,8
DA:7,8
DA:8,0
DA:9,0
DA:12,3
DA:13,0
DA:16,0
DA:17,0
DA:21,0
DA:23,0
DA:24,0
DA:25,0
DA:26,0
DA:28,0
DA:33,0
DA:39,3
DA:40,4
DA:41,4
DA:42,0
DA:43,0
DA:44,0
DA:47,4
LF:24
LH:9
BRDA:7,0,0,0
BRDA:16,1,0,0
BRDA:24,2,0,0
BRDA:24,2,1,0
BRDA:41,3,0,0
BRDA:41,4,0,4
BRDA:41,4,1,0
BRDA:43,5,0,0
BRDA:43,6,0,0
BRDA:43,6,1,0
BRF:10
BRH:1
end_of_record
TN:
SF:src\utils\TestMethods.tsx
FN:14,(anonymous_1)
FN:55,(anonymous_2)
FNF:2
FNH:1
FNDA:3,(anonymous_1)
FNDA:0,(anonymous_2)
DA:1,3
DA:3,3
DA:4,3
DA:5,3
DA:14,3
DA:19,3
DA:30,3
DA:33,3
DA:51,3
DA:56,0
LF:10
LH:9
BRDA:17,0,0,3
BRF:1
BRH:1
end_of_record
TN:
SF:src\utils\constants.ts
FNF:0
FNH:0
DA:1,3
LF:1
LH:1
BRF:0
BRH:0
end_of_record
TN:
SF:src\utils\ApiRequest\ApiRequestPeople.ts
FN:3,(anonymous_0)
FN:16,(anonymous_1)
FN:22,(anonymous_2)
FNF:3
FNH:3
FNDA:4,(anonymous_0)
FNDA:1,(anonymous_1)
FNDA:8,(anonymous_2)
DA:3,6
DA:7,4
DA:12,2
DA:13,2
DA:16,6
DA:17,1
DA:18,1
DA:19,1
DA:22,6
DA:23,8
LF:10
LH:10
BRDA:8,0,0,1
BRDA:8,0,1,1
BRF:2
BRH:2
end_of_record
TN:
SF:src\utils\ApiResponse\ApiResponsePeople.ts
FNF:0
FNH:0
DA:7,3
DA:24,3
LF:2
LH:2
BRF:0
BRH:0
end_of_record
TN:
SF:src\utils\contexts\SearchContext.tsx
FN:17,(anonymous_0)
FNF:1
FNH:1
FNDA:6,(anonymous_0)
DA:1,4
DA:13,4
DA:17,4
DA:18,6
DA:19,4
DA:20,0
DA:22,4
LF:7
LH:6
BRDA:19,0,0,0
BRF:1
BRH:0
end_of_record
